29/04/2011 21:46:44 (Std) 	+-+-+-+-+-+-+-+-+-+-+-+-+-+-+-+-+-+-+-+-+-+-+-+-+-+-+-+-+-+-+-+-+-+-+-+-+-+-+-+
29/04/2011 21:46:44 (Std) 	+                     Crazy Eddie's GUI System - Event log                    +
29/04/2011 21:46:44 (Std) 	+                          (http://www.cegui.org.uk/)                         +
29/04/2011 21:46:44 (Std) 	+-+-+-+-+-+-+-+-+-+-+-+-+-+-+-+-+-+-+-+-+-+-+-+-+-+-+-+-+-+-+-+-+-+-+-+-+-+-+-+

29/04/2011 21:46:44 (Std) 	CEGUI::Logger singleton created. (049703A8)
29/04/2011 21:46:44 (Std) 	
29/04/2011 21:46:44 (Std) 	********************************************************************************
29/04/2011 21:46:44 (Std) 	* Important:                                                                   *
29/04/2011 21:46:44 (Std) 	*     To get support at the CEGUI forums, you must post _at least_ the section *
29/04/2011 21:46:44 (Std) 	*     of this log file indicated below.  Failure to do this will result in no  *
29/04/2011 21:46:44 (Std) 	*     support being given; please do not waste our time.                       *
29/04/2011 21:46:44 (Std) 	********************************************************************************
29/04/2011 21:46:44 (Std) 	********************************************************************************
29/04/2011 21:46:44 (Std) 	* -------- START OF ESSENTIAL SECTION TO BE POSTED ON THE FORUM       -------- *
29/04/2011 21:46:44 (Std) 	********************************************************************************
29/04/2011 21:46:44 (Std) 	---- Version 0.7.5 (Build: Nov 19 2010 Microsoft Windows MSVC++ 9.0 32 bit) ----
29/04/2011 21:46:44 (Std) 	---- Renderer module is: CEGUI::OpenGLRenderer - Official OpenGL based 2nd generation renderer module.  TextureTarget support enabled via FBO extension. ----
29/04/2011 21:46:44 (Std) 	---- XML Parser module is: CEGUI::ExpatParser - Official expat based parser module for CEGUI ----
29/04/2011 21:46:44 (Std) 	---- Image Codec module is: SILLYImageCodec - Official SILLY based image codec ----
29/04/2011 21:46:44 (Std) 	---- Scripting module is: None ----
29/04/2011 21:46:44 (Std) 	********************************************************************************
29/04/2011 21:46:44 (Std) 	* -------- END OF ESSENTIAL SECTION TO BE POSTED ON THE FORUM         -------- *
29/04/2011 21:46:44 (Std) 	********************************************************************************
29/04/2011 21:46:44 (Std) 	
29/04/2011 21:46:44 (Std) 	---- Begining CEGUI System initialisation ----
29/04/2011 21:46:44 (Std) 	CEGUI::ImagesetManager singleton created (04962EB0)
29/04/2011 21:46:44 (Std) 	CEGUI::FontManager singleton created. (04962FA0)
29/04/2011 21:46:44 (Std) 	CEGUI::WindowFactoryManager singleton created
29/04/2011 21:46:44 (Std) 	CEGUI::WindowManager singleton created (01BF9058)
29/04/2011 21:46:44 (Std) 	CEGUI::SchemeManager singleton created. (04963090)
29/04/2011 21:46:44 (Std) 	CEGUI::MouseCursor singleton created. (041AC2C0)
29/04/2011 21:46:44 (Std) 	CEGUI::GlobalEventSet singleton created. (04987878)
29/04/2011 21:46:44 (Std) 	CEGUI::AnimationManager singleton created (041AC340)
29/04/2011 21:46:44 (Std) 	CEGUI::WidgetLookManager singleton created. (04984568)
29/04/2011 21:46:44 (Std) 	CEGUI::WindowRendererManager singleton created (04984590)
29/04/2011 21:46:44 (Std) 	CEGUI::RenderEffectManager singleton created (049CBC18)
29/04/2011 21:46:44 (Std) 	Created WindowFactory for 'DefaultWindow' windows.
29/04/2011 21:46:44 (Std) 	WindowFactory for 'DefaultWindow' windows added. (01C315F8)
29/04/2011 21:46:44 (Std) 	Created WindowFactory for 'DragContainer' windows.
29/04/2011 21:46:44 (Std) 	WindowFactory for 'DragContainer' windows added. (01C316A0)
29/04/2011 21:46:44 (Std) 	Created WindowFactory for 'ScrolledContainer' windows.
29/04/2011 21:46:44 (Std) 	WindowFactory for 'ScrolledContainer' windows added. (01C31748)
29/04/2011 21:46:44 (Std) 	Created WindowFactory for 'ClippedContainer' windows.
29/04/2011 21:46:44 (Std) 	WindowFactory for 'ClippedContainer' windows added. (01C317F0)
29/04/2011 21:46:44 (Std) 	Created WindowFactory for 'CEGUI/Checkbox' windows.
29/04/2011 21:46:44 (Std) 	WindowFactory for 'CEGUI/Checkbox' windows added. (01C31898)
29/04/2011 21:46:44 (Std) 	Created WindowFactory for 'CEGUI/PushButton' windows.
29/04/2011 21:46:44 (Std) 	WindowFactory for 'CEGUI/PushButton' windows added. (01C31940)
29/04/2011 21:46:44 (Std) 	Created WindowFactory for 'CEGUI/RadioButton' windows.
29/04/2011 21:46:44 (Std) 	WindowFactory for 'CEGUI/RadioButton' windows added. (01C319E8)
29/04/2011 21:46:44 (Std) 	Created WindowFactory for 'CEGUI/Combobox' windows.
29/04/2011 21:46:44 (Std) 	WindowFactory for 'CEGUI/Combobox' windows added. (01C31A90)
29/04/2011 21:46:44 (Std) 	Created WindowFactory for 'CEGUI/ComboDropList' windows.
29/04/2011 21:46:44 (Std) 	WindowFactory for 'CEGUI/ComboDropList' windows added. (01C31B38)
29/04/2011 21:46:44 (Std) 	Created WindowFactory for 'CEGUI/Editbox' windows.
29/04/2011 21:46:44 (Std) 	WindowFactory for 'CEGUI/Editbox' windows added. (01C31BE0)
29/04/2011 21:46:44 (Std) 	Created WindowFactory for 'CEGUI/FrameWindow' windows.
29/04/2011 21:46:44 (Std) 	WindowFactory for 'CEGUI/FrameWindow' windows added. (01C31C88)
29/04/2011 21:46:44 (Std) 	Created WindowFactory for 'CEGUI/ItemEntry' windows.
29/04/2011 21:46:44 (Std) 	WindowFactory for 'CEGUI/ItemEntry' windows added. (01C31D30)
29/04/2011 21:46:44 (Std) 	Created WindowFactory for 'CEGUI/Listbox' windows.
29/04/2011 21:46:44 (Std) 	WindowFactory for 'CEGUI/Listbox' windows added. (01C31DD8)
29/04/2011 21:46:44 (Std) 	Created WindowFactory for 'CEGUI/ListHeader' windows.
29/04/2011 21:46:44 (Std) 	WindowFactory for 'CEGUI/ListHeader' windows added. (01C31E80)
29/04/2011 21:46:44 (Std) 	Created WindowFactory for 'CEGUI/ListHeaderSegment' windows.
29/04/2011 21:46:44 (Std) 	WindowFactory for 'CEGUI/ListHeaderSegment' windows added. (01C31F28)
29/04/2011 21:46:44 (Std) 	Created WindowFactory for 'CEGUI/Menubar' windows.
29/04/2011 21:46:44 (Std) 	WindowFactory for 'CEGUI/Menubar' windows added. (01C31FD0)
29/04/2011 21:46:44 (Std) 	Created WindowFactory for 'CEGUI/PopupMenu' windows.
29/04/2011 21:46:44 (Std) 	WindowFactory for 'CEGUI/PopupMenu' windows added. (01C32078)
29/04/2011 21:46:44 (Std) 	Created WindowFactory for 'CEGUI/MenuItem' windows.
29/04/2011 21:46:44 (Std) 	WindowFactory for 'CEGUI/MenuItem' windows added. (01C32120)
29/04/2011 21:46:44 (Std) 	Created WindowFactory for 'CEGUI/MultiColumnList' windows.
29/04/2011 21:46:44 (Std) 	WindowFactory for 'CEGUI/MultiColumnList' windows added. (01C321C8)
29/04/2011 21:46:44 (Std) 	Created WindowFactory for 'CEGUI/MultiLineEditbox' windows.
29/04/2011 21:46:44 (Std) 	WindowFactory for 'CEGUI/MultiLineEditbox' windows added. (01C32270)
29/04/2011 21:46:44 (Std) 	Created WindowFactory for 'CEGUI/ProgressBar' windows.
29/04/2011 21:46:44 (Std) 	WindowFactory for 'CEGUI/ProgressBar' windows added. (01C32318)
29/04/2011 21:46:44 (Std) 	Created WindowFactory for 'CEGUI/ScrollablePane' windows.
29/04/2011 21:46:44 (Std) 	WindowFactory for 'CEGUI/ScrollablePane' windows added. (01C323C0)
29/04/2011 21:46:44 (Std) 	Created WindowFactory for 'CEGUI/Scrollbar' windows.
29/04/2011 21:46:44 (Std) 	WindowFactory for 'CEGUI/Scrollbar' windows added. (01C32468)
29/04/2011 21:46:44 (Std) 	Created WindowFactory for 'CEGUI/Slider' windows.
29/04/2011 21:46:44 (Std) 	WindowFactory for 'CEGUI/Slider' windows added. (01C32510)
29/04/2011 21:46:44 (Std) 	Created WindowFactory for 'CEGUI/Spinner' windows.
29/04/2011 21:46:44 (Std) 	WindowFactory for 'CEGUI/Spinner' windows added. (01C325B8)
29/04/2011 21:46:44 (Std) 	Created WindowFactory for 'CEGUI/TabButton' windows.
29/04/2011 21:46:44 (Std) 	WindowFactory for 'CEGUI/TabButton' windows added. (01C32660)
29/04/2011 21:46:44 (Std) 	Created WindowFactory for 'CEGUI/TabControl' windows.
29/04/2011 21:46:44 (Std) 	WindowFactory for 'CEGUI/TabControl' windows added. (01C32708)
29/04/2011 21:46:44 (Std) 	Created WindowFactory for 'CEGUI/Thumb' windows.
29/04/2011 21:46:44 (Std) 	WindowFactory for 'CEGUI/Thumb' windows added. (01C327B0)
29/04/2011 21:46:44 (Std) 	Created WindowFactory for 'CEGUI/Titlebar' windows.
29/04/2011 21:46:44 (Std) 	WindowFactory for 'CEGUI/Titlebar' windows added. (01C32858)
29/04/2011 21:46:44 (Std) 	Created WindowFactory for 'CEGUI/Tooltip' windows.
29/04/2011 21:46:44 (Std) 	WindowFactory for 'CEGUI/Tooltip' windows added. (01C32900)
29/04/2011 21:46:44 (Std) 	Created WindowFactory for 'CEGUI/ItemListbox' windows.
29/04/2011 21:46:44 (Std) 	WindowFactory for 'CEGUI/ItemListbox' windows added. (01C329A8)
29/04/2011 21:46:44 (Std) 	Created WindowFactory for 'CEGUI/GroupBox' windows.
29/04/2011 21:46:44 (Std) 	WindowFactory for 'CEGUI/GroupBox' windows added. (01C32A50)
29/04/2011 21:46:44 (Std) 	Created WindowFactory for 'CEGUI/Tree' windows.
29/04/2011 21:46:44 (Std) 	WindowFactory for 'CEGUI/Tree' windows added. (01C32AF8)
29/04/2011 21:46:44 (Std) 	Created WindowFactory for 'HorizontalLayoutContainer' windows.
29/04/2011 21:46:44 (Std) 	WindowFactory for 'HorizontalLayoutContainer' windows added. (01C32BA0)
29/04/2011 21:46:44 (Std) 	Created WindowFactory for 'VerticalLayoutContainer' windows.
29/04/2011 21:46:44 (Std) 	WindowFactory for 'VerticalLayoutContainer' windows added. (01C32C48)
29/04/2011 21:46:44 (Std) 	Created WindowFactory for 'GridLayoutContainer' windows.
29/04/2011 21:46:44 (Std) 	WindowFactory for 'GridLayoutContainer' windows added. (01C32CF0)
29/04/2011 21:46:44 (Std) 	Window type alias named 'DefaultGUISheet' added for window type 'DefaultWindow'.
29/04/2011 21:46:44 (Std) 	CEGUI::System singleton created. (0493A780)
29/04/2011 21:46:44 (Std) 	---- CEGUI System initialisation completed ----
29/04/2011 21:46:44 (Std) 	
29/04/2011 21:46:44 (Std) 	Started creation of Scheme from XML specification:
29/04/2011 21:46:44 (Std) 	---- CEGUI GUIScheme name: TaharezLook
29/04/2011 21:46:44 (Std) 	Started creation of Imageset from XML specification:
29/04/2011 21:46:44 (Std) 	---- CEGUI Imageset name: TaharezLook
29/04/2011 21:46:44 (Std) 	---- Source texture file: TaharezLook.tga in resource group: (Default)
29/04/2011 21:46:44 (Std) 	Started creation of Font from XML specification:
29/04/2011 21:46:44 (Std) 	---- CEGUI font name: DejaVuSans-10
29/04/2011 21:46:44 (Std) 	----       Font type: FreeType
29/04/2011 21:46:44 (Std) 	----     Source file: DejaVuSans.ttf in resource group: (Default)
29/04/2011 21:46:44 (Std) 	---- Real point size: 10
29/04/2011 21:46:45 (Std) 	===== Falagard 'root' element: look and feel parsing begins =====
29/04/2011 21:46:45 (Std) 	===== Look and feel parsing completed =====
29/04/2011 21:46:45 (Std) 	No window renderer factories specified for module 'CEGUIFalagardWRBase' - adding all available factories...
29/04/2011 21:46:45 (Std) 	Created WindowRendererFactory for 'Falagard/Button' WindowRenderers.
29/04/2011 21:46:45 (Std) 	WindowRendererFactory 'Falagard/Button' added. (04A3B988)
29/04/2011 21:46:45 (Std) 	Created WindowRendererFactory for 'Falagard/Default' WindowRenderers.
29/04/2011 21:46:45 (Std) 	WindowRendererFactory 'Falagard/Default' added. (04A3BA30)
29/04/2011 21:46:45 (Std) 	Created WindowRendererFactory for 'Falagard/Editbox' WindowRenderers.
29/04/2011 21:46:45 (Std) 	WindowRendererFactory 'Falagard/Editbox' added. (04A3BE20)
29/04/2011 21:46:45 (Std) 	Created WindowRendererFactory for 'Falagard/FrameWindow' WindowRenderers.
29/04/2011 21:46:45 (Std) 	WindowRendererFactory 'Falagard/FrameWindow' added. (04A3BEC8)
29/04/2011 21:46:45 (Std) 	Created WindowRendererFactory for 'Falagard/ItemEntry' WindowRenderers.
29/04/2011 21:46:45 (Std) 	WindowRendererFactory 'Falagard/ItemEntry' added. (04A3BF70)
29/04/2011 21:46:45 (Std) 	Created WindowRendererFactory for 'Falagard/ListHeader' WindowRenderers.
29/04/2011 21:46:45 (Std) 	WindowRendererFactory 'Falagard/ListHeader' added. (04A3C018)
29/04/2011 21:46:45 (Std) 	Created WindowRendererFactory for 'Falagard/ListHeaderSegment' WindowRenderers.
29/04/2011 21:46:45 (Std) 	WindowRendererFactory 'Falagard/ListHeaderSegment' added. (04A3C0C0)
29/04/2011 21:46:45 (Std) 	Created WindowRendererFactory for 'Falagard/Listbox' WindowRenderers.
29/04/2011 21:46:45 (Std) 	WindowRendererFactory 'Falagard/Listbox' added. (04A3C168)
29/04/2011 21:46:45 (Std) 	Created WindowRendererFactory for 'Falagard/Menubar' WindowRenderers.
29/04/2011 21:46:45 (Std) 	WindowRendererFactory 'Falagard/Menubar' added. (04A3C210)
29/04/2011 21:46:45 (Std) 	Created WindowRendererFactory for 'Falagard/MenuItem' WindowRenderers.
29/04/2011 21:46:45 (Std) 	WindowRendererFactory 'Falagard/MenuItem' added. (04A3C2B8)
29/04/2011 21:46:45 (Std) 	Created WindowRendererFactory for 'Falagard/MultiColumnList' WindowRenderers.
29/04/2011 21:46:45 (Std) 	WindowRendererFactory 'Falagard/MultiColumnList' added. (04A3C360)
29/04/2011 21:46:45 (Std) 	Created WindowRendererFactory for 'Falagard/MultiLineEditbox' WindowRenderers.
29/04/2011 21:46:45 (Std) 	WindowRendererFactory 'Falagard/MultiLineEditbox' added. (04A3C408)
29/04/2011 21:46:45 (Std) 	Created WindowRendererFactory for 'Falagard/PopupMenu' WindowRenderers.
29/04/2011 21:46:45 (Std) 	WindowRendererFactory 'Falagard/PopupMenu' added. (04A3C4B0)
29/04/2011 21:46:45 (Std) 	Created WindowRendererFactory for 'Falagard/ProgressBar' WindowRenderers.
29/04/2011 21:46:45 (Std) 	WindowRendererFactory 'Falagard/ProgressBar' added. (04A3C558)
29/04/2011 21:46:45 (Std) 	Created WindowRendererFactory for 'Falagard/ScrollablePane' WindowRenderers.
29/04/2011 21:46:45 (Std) 	WindowRendererFactory 'Falagard/ScrollablePane' added. (04A3C600)
29/04/2011 21:46:45 (Std) 	Created WindowRendererFactory for 'Falagard/Scrollbar' WindowRenderers.
29/04/2011 21:46:45 (Std) 	WindowRendererFactory 'Falagard/Scrollbar' added. (04A3C6A8)
29/04/2011 21:46:45 (Std) 	Created WindowRendererFactory for 'Falagard/Slider' WindowRenderers.
29/04/2011 21:46:45 (Std) 	WindowRendererFactory 'Falagard/Slider' added. (04A3C750)
29/04/2011 21:46:45 (Std) 	Created WindowRendererFactory for 'Falagard/Static' WindowRenderers.
29/04/2011 21:46:45 (Std) 	WindowRendererFactory 'Falagard/Static' added. (04A3C7F8)
29/04/2011 21:46:45 (Std) 	Created WindowRendererFactory for 'Falagard/StaticImage' WindowRenderers.
29/04/2011 21:46:45 (Std) 	WindowRendererFactory 'Falagard/StaticImage' added. (04A3C8A0)
29/04/2011 21:46:45 (Std) 	Created WindowRendererFactory for 'Falagard/StaticText' WindowRenderers.
29/04/2011 21:46:45 (Std) 	WindowRendererFactory 'Falagard/StaticText' added. (04A3C948)
29/04/2011 21:46:45 (Std) 	Created WindowRendererFactory for 'Falagard/SystemButton' WindowRenderers.
29/04/2011 21:46:45 (Std) 	WindowRendererFactory 'Falagard/SystemButton' added. (04A3C9F0)
29/04/2011 21:46:45 (Std) 	Created WindowRendererFactory for 'Falagard/TabButton' WindowRenderers.
29/04/2011 21:46:45 (Std) 	WindowRendererFactory 'Falagard/TabButton' added. (04A3CA98)
29/04/2011 21:46:45 (Std) 	Created WindowRendererFactory for 'Falagard/TabControl' WindowRenderers.
29/04/2011 21:46:45 (Std) 	WindowRendererFactory 'Falagard/TabControl' added. (04A3CB40)
29/04/2011 21:46:45 (Std) 	Created WindowRendererFactory for 'Falagard/Titlebar' WindowRenderers.
29/04/2011 21:46:45 (Std) 	WindowRendererFactory 'Falagard/Titlebar' added. (04A3CBE8)
29/04/2011 21:46:45 (Std) 	Created WindowRendererFactory for 'Falagard/ToggleButton' WindowRenderers.
29/04/2011 21:46:45 (Std) 	WindowRendererFactory 'Falagard/ToggleButton' added. (04A3CC90)
29/04/2011 21:46:45 (Std) 	Created WindowRendererFactory for 'Falagard/Tooltip' WindowRenderers.
29/04/2011 21:46:45 (Std) 	WindowRendererFactory 'Falagard/Tooltip' added. (04A3CD38)
29/04/2011 21:46:45 (Std) 	Created WindowRendererFactory for 'Falagard/ItemListbox' WindowRenderers.
29/04/2011 21:46:45 (Std) 	WindowRendererFactory 'Falagard/ItemListbox' added. (04A3CDE0)
29/04/2011 21:46:45 (Std) 	Created WindowRendererFactory for 'Falagard/Tree' WindowRenderers.
29/04/2011 21:46:45 (Std) 	WindowRendererFactory 'Falagard/Tree' added. (04A3CE88)
29/04/2011 21:46:45 (Std) 	Creating falagard mapping for type 'TaharezLook/Button' using base type 'CEGUI/PushButton', window renderer 'Falagard/Button' Look'N'Feel 'TaharezLook/Button' and RenderEffect ''. (0021D0B0)
29/04/2011 21:46:45 (Std) 	Creating falagard mapping for type 'TaharezLook/Checkbox' using base type 'CEGUI/Checkbox', window renderer 'Falagard/ToggleButton' Look'N'Feel 'TaharezLook/Checkbox' and RenderEffect ''. (0021D0B0)
29/04/2011 21:46:45 (Std) 	Creating falagard mapping for type 'TaharezLook/ImageButton' using base type 'CEGUI/PushButton', window renderer 'Falagard/Button' Look'N'Feel 'TaharezLook/ImageButton' and RenderEffect ''. (0021D0B0)
29/04/2011 21:46:45 (Std) 	Creating falagard mapping for type 'TaharezLook/RadioButton' using base type 'CEGUI/RadioButton', window renderer 'Falagard/ToggleButton' Look'N'Feel 'TaharezLook/RadioButton' and RenderEffect ''. (0021D0B0)
29/04/2011 21:46:45 (Std) 	Creating falagard mapping for type 'TaharezLook/FrameWindow' using base type 'CEGUI/FrameWindow', window renderer 'Falagard/FrameWindow' Look'N'Feel 'TaharezLook/FrameWindow' and RenderEffect ''. (0021D0B0)
29/04/2011 21:46:45 (Std) 	Creating falagard mapping for type 'TaharezLook/Titlebar' using base type 'CEGUI/Titlebar', window renderer 'Falagard/Titlebar' Look'N'Feel 'TaharezLook/Titlebar' and RenderEffect ''. (0021D0B0)
29/04/2011 21:46:45 (Std) 	Creating falagard mapping for type 'TaharezLook/SystemButton' using base type 'CEGUI/PushButton', window renderer 'Falagard/Button' Look'N'Feel 'TaharezLook/Button' and RenderEffect ''. (0021D0B0)
29/04/2011 21:46:45 (Std) 	Creating falagard mapping for type 'TaharezLook/Editbox' using base type 'CEGUI/Editbox', window renderer 'Falagard/Editbox' Look'N'Feel 'TaharezLook/Editbox' and RenderEffect ''. (0021D0B0)
29/04/2011 21:46:45 (Std) 	Creating falagard mapping for type 'TaharezLook/MultiLineEditbox' using base type 'CEGUI/MultiLineEditbox', window renderer 'Falagard/MultiLineEditbox' Look'N'Feel 'TaharezLook/MultiLineEditbox' and RenderEffect ''. (0021D0B0)
29/04/2011 21:46:45 (Std) 	Creating falagard mapping for type 'TaharezLook/Menubar' using base type 'CEGUI/Menubar', window renderer 'Falagard/Menubar' Look'N'Feel 'TaharezLook/Menubar' and RenderEffect ''. (0021D0B0)
29/04/2011 21:46:45 (Std) 	Creating falagard mapping for type 'TaharezLook/PopupMenu' using base type 'CEGUI/PopupMenu', window renderer 'Falagard/PopupMenu' Look'N'Feel 'TaharezLook/PopupMenu' and RenderEffect ''. (0021D0B0)
29/04/2011 21:46:45 (Std) 	Creating falagard mapping for type 'TaharezLook/MenuItem' using base type 'CEGUI/MenuItem', window renderer 'Falagard/MenuItem' Look'N'Feel 'TaharezLook/MenuItem' and RenderEffect ''. (0021D0B0)
29/04/2011 21:46:45 (Std) 	Creating falagard mapping for type 'TaharezLook/AlternateProgressBar' using base type 'CEGUI/ProgressBar', window renderer 'Falagard/ProgressBar' Look'N'Feel 'TaharezLook/AltProgressBar' and RenderEffect ''. (0021D0B0)
29/04/2011 21:46:45 (Std) 	Creating falagard mapping for type 'TaharezLook/ProgressBar' using base type 'CEGUI/ProgressBar', window renderer 'Falagard/ProgressBar' Look'N'Feel 'TaharezLook/ProgressBar' and RenderEffect ''. (0021D0B0)
29/04/2011 21:46:45 (Std) 	Creating falagard mapping for type 'TaharezLook/VUMeter' using base type 'CEGUI/ProgressBar', window renderer 'Falagard/ProgressBar' Look'N'Feel 'TaharezLook/VUMeter' and RenderEffect ''. (0021D0B0)
29/04/2011 21:46:45 (Std) 	Creating falagard mapping for type 'TaharezLook/VerticalScrollbar' using base type 'CEGUI/Scrollbar', window renderer 'Falagard/Scrollbar' Look'N'Feel 'TaharezLook/VerticalScrollbar' and RenderEffect ''. (0021D0B0)
29/04/2011 21:46:45 (Std) 	Creating falagard mapping for type 'TaharezLook/HorizontalScrollbar' using base type 'CEGUI/Scrollbar', window renderer 'Falagard/Scrollbar' Look'N'Feel 'TaharezLook/HorizontalScrollbar' and RenderEffect ''. (0021D0B0)
29/04/2011 21:46:45 (Std) 	Creating falagard mapping for type 'TaharezLook/VerticalScrollbarThumb' using base type 'CEGUI/Thumb', window renderer 'Falagard/Button' Look'N'Feel 'TaharezLook/VerticalScrollbarThumb' and RenderEffect ''. (0021D0B0)
29/04/2011 21:46:45 (Std) 	Creating falagard mapping for type 'TaharezLook/HorizontalScrollbarThumb' using base type 'CEGUI/Thumb', window renderer 'Falagard/Button' Look'N'Feel 'TaharezLook/HorizontalScrollbarThumb' and RenderEffect ''. (0021D0B0)
29/04/2011 21:46:45 (Std) 	Creating falagard mapping for type 'TaharezLook/LargeVerticalScrollbar' using base type 'CEGUI/Scrollbar', window renderer 'Falagard/Scrollbar' Look'N'Feel 'TaharezLook/LargeVerticalScrollbar' and RenderEffect ''. (0021D0B0)
29/04/2011 21:46:45 (Std) 	Creating falagard mapping for type 'TaharezLook/LargeVerticalScrollbarThumb' using base type 'CEGUI/Thumb', window renderer 'Falagard/Button' Look'N'Feel 'TaharezLook/LargeVerticalScrollbarThumb' and RenderEffect ''. (0021D0B0)
29/04/2011 21:46:45 (Std) 	Creating falagard mapping for type 'TaharezLook/TabButton' using base type 'CEGUI/TabButton', window renderer 'Falagard/TabButton' Look'N'Feel 'TaharezLook/TabButton' and RenderEffect ''. (0021D0B0)
29/04/2011 21:46:45 (Std) 	Creating falagard mapping for type 'TaharezLook/TabControl' using base type 'CEGUI/TabControl', window renderer 'Falagard/TabControl' Look'N'Feel 'TaharezLook/TabControl' and RenderEffect ''. (0021D0B0)
29/04/2011 21:46:45 (Std) 	Creating falagard mapping for type 'TaharezLook/TabContentPane' using base type 'DefaultWindow', window renderer 'Falagard/Default' Look'N'Feel 'TaharezLook/TabContentPane' and RenderEffect ''. (0021D0B0)
29/04/2011 21:46:45 (Std) 	Creating falagard mapping for type 'TaharezLook/TabButtonPane' using base type 'DefaultWindow', window renderer 'Falagard/Default' Look'N'Feel 'TaharezLook/TabButtonPane' and RenderEffect ''. (0021D0B0)
29/04/2011 21:46:45 (Std) 	Creating falagard mapping for type 'TaharezLook/ComboDropList' using base type 'CEGUI/ComboDropList', window renderer 'Falagard/Listbox' Look'N'Feel 'TaharezLook/ComboDropList' and RenderEffect ''. (0021D0B0)
29/04/2011 21:46:45 (Std) 	Creating falagard mapping for type 'TaharezLook/ComboEditbox' using base type 'CEGUI/Editbox', window renderer 'Falagard/Editbox' Look'N'Feel 'TaharezLook/ComboEditbox' and RenderEffect ''. (0021D0B0)
29/04/2011 21:46:45 (Std) 	Creating falagard mapping for type 'TaharezLook/Combobox' using base type 'CEGUI/Combobox', window renderer 'Falagard/Default' Look'N'Feel 'TaharezLook/Combobox' and RenderEffect ''. (0021D0B0)
29/04/2011 21:46:45 (Std) 	Creating falagard mapping for type 'TaharezLook/Listbox' using base type 'CEGUI/Listbox', window renderer 'Falagard/Listbox' Look'N'Feel 'TaharezLook/Listbox' and RenderEffect ''. (0021D0B0)
29/04/2011 21:46:45 (Std) 	Creating falagard mapping for type 'TaharezLook/ListHeader' using base type 'CEGUI/ListHeader', window renderer 'Falagard/ListHeader' Look'N'Feel 'TaharezLook/ListHeader' and RenderEffect ''. (0021D0B0)
29/04/2011 21:46:45 (Std) 	Creating falagard mapping for type 'TaharezLook/ListHeaderSegment' using base type 'CEGUI/ListHeaderSegment', window renderer 'Falagard/ListHeaderSegment' Look'N'Feel 'TaharezLook/ListHeaderSegment' and RenderEffect ''. (0021D0B0)
29/04/2011 21:46:45 (Std) 	Creating falagard mapping for type 'TaharezLook/MultiColumnList' using base type 'CEGUI/MultiColumnList', window renderer 'Falagard/MultiColumnList' Look'N'Feel 'TaharezLook/MultiColumnList' and RenderEffect ''. (0021D0B0)
29/04/2011 21:46:45 (Std) 	Creating falagard mapping for type 'TaharezLook/Slider' using base type 'CEGUI/Slider', window renderer 'Falagard/Slider' Look'N'Feel 'TaharezLook/Slider' and RenderEffect ''. (0021D0B0)
29/04/2011 21:46:45 (Std) 	Creating falagard mapping for type 'TaharezLook/SliderThumb' using base type 'CEGUI/Thumb', window renderer 'Falagard/Button' Look'N'Feel 'TaharezLook/SliderThumb' and RenderEffect ''. (0021D0B0)
29/04/2011 21:46:45 (Std) 	Creating falagard mapping for type 'TaharezLook/ScrollablePane' using base type 'CEGUI/ScrollablePane', window renderer 'Falagard/ScrollablePane' Look'N'Feel 'TaharezLook/ScrollablePane' and RenderEffect ''. (0021D0B0)
29/04/2011 21:46:45 (Std) 	Creating falagard mapping for type 'TaharezLook/Spinner' using base type 'CEGUI/Spinner', window renderer 'Falagard/Default' Look'N'Feel 'TaharezLook/Spinner' and RenderEffect ''. (0021D0B0)
29/04/2011 21:46:45 (Std) 	Creating falagard mapping for type 'TaharezLook/Tooltip' using base type 'CEGUI/Tooltip', window renderer 'Falagard/Tooltip' Look'N'Feel 'TaharezLook/Tooltip' and RenderEffect ''. (0021D0B0)
29/04/2011 21:46:45 (Std) 	Creating falagard mapping for type 'TaharezLook/StaticImage' using base type 'DefaultWindow', window renderer 'Falagard/StaticImage' Look'N'Feel 'TaharezLook/StaticImage' and RenderEffect ''. (0021D0B0)
29/04/2011 21:46:45 (Std) 	Creating falagard mapping for type 'TaharezLook/StaticText' using base type 'DefaultWindow', window renderer 'Falagard/StaticText' Look'N'Feel 'TaharezLook/StaticText' and RenderEffect ''. (0021D0B0)
29/04/2011 21:46:45 (Std) 	Creating falagard mapping for type 'TaharezLook/ItemListbox' using base type 'CEGUI/ItemListbox', window renderer 'Falagard/ItemListbox' Look'N'Feel 'TaharezLook/ItemListbox' and RenderEffect ''. (0021D0B0)
29/04/2011 21:46:45 (Std) 	Creating falagard mapping for type 'TaharezLook/ListboxItem' using base type 'CEGUI/ItemEntry', window renderer 'Falagard/ItemEntry' Look'N'Feel 'TaharezLook/ListboxItem' and RenderEffect ''. (0021D0B0)
29/04/2011 21:46:45 (Std) 	Creating falagard mapping for type 'TaharezLook/GroupBox' using base type 'CEGUI/GroupBox', window renderer 'Falagard/Default' Look'N'Feel 'TaharezLook/GroupBox' and RenderEffect ''. (0021D0B0)
29/04/2011 21:46:45 (Std) 	Creating falagard mapping for type 'TaharezLook/Tree' using base type 'CEGUI/Tree', window renderer 'Falagard/Tree' Look'N'Feel 'TaharezLook/Tree' and RenderEffect ''. (0021D0B0)
29/04/2011 21:46:45 (Std) 	Started creation of Scheme from XML specification:
29/04/2011 21:46:45 (Std) 	---- CEGUI GUIScheme name: VanillaSkin
29/04/2011 21:46:45 (Std) 	Started creation of Imageset from XML specification:
29/04/2011 21:46:45 (Std) 	---- CEGUI Imageset name: Vanilla-Images
29/04/2011 21:46:45 (Std) 	---- Source texture file: vanilla.tga in resource group: (Default)
29/04/2011 21:46:45 (Std) 	===== Falagard 'root' element: look and feel parsing begins =====
29/04/2011 21:46:45 (Std) 	===== Look and feel parsing completed =====
29/04/2011 21:46:45 (Std) 	No window renderer factories specified for module 'CEGUIFalagardWRBase' - adding all available factories...
29/04/2011 21:46:45 (Std) 	Creating falagard mapping for type 'Vanilla/Titlebar' using base type 'CEGUI/Titlebar', window renderer 'Falagard/Titlebar' Look'N'Feel 'Vanilla/Titlebar' and RenderEffect ''. (0021D0B0)
29/04/2011 21:46:45 (Std) 	Creating falagard mapping for type 'Vanilla/Button' using base type 'CEGUI/PushButton', window renderer 'Falagard/Button' Look'N'Feel 'Vanilla/Button' and RenderEffect ''. (0021D0B0)
29/04/2011 21:46:45 (Std) 	Creating falagard mapping for type 'Vanilla/FrameWindow' using base type 'CEGUI/FrameWindow', window renderer 'Falagard/FrameWindow' Look'N'Feel 'Vanilla/FrameWindow' and RenderEffect ''. (0021D0B0)
29/04/2011 21:46:45 (Std) 	Creating falagard mapping for type 'Vanilla/Editbox' using base type 'CEGUI/Editbox', window renderer 'Falagard/Editbox' Look'N'Feel 'Vanilla/Editbox' and RenderEffect ''. (0021D0B0)
29/04/2011 21:46:45 (Std) 	Creating falagard mapping for type 'Vanilla/VerticalScrollbarThumb' using base type 'CEGUI/Thumb', window renderer 'Falagard/Button' Look'N'Feel 'Vanilla/VerticalScrollbarThumb' and RenderEffect ''. (0021D0B0)
29/04/2011 21:46:45 (Std) 	Creating falagard mapping for type 'Vanilla/VerticalScrollbar' using base type 'CEGUI/Scrollbar', window renderer 'Falagard/Scrollbar' Look'N'Feel 'Vanilla/VerticalScrollbar' and RenderEffect ''. (0021D0B0)
29/04/2011 21:46:45 (Std) 	Creating falagard mapping for type 'Vanilla/HorizontalScrollbarThumb' using base type 'CEGUI/Thumb', window renderer 'Falagard/Button' Look'N'Feel 'Vanilla/HorizontalScrollbarThumb' and RenderEffect ''. (0021D0B0)
29/04/2011 21:46:45 (Std) 	Creating falagard mapping for type 'Vanilla/HorizontalScrollbar' using base type 'CEGUI/Scrollbar', window renderer 'Falagard/Scrollbar' Look'N'Feel 'Vanilla/HorizontalScrollbar' and RenderEffect ''. (0021D0B0)
29/04/2011 21:46:45 (Std) 	Creating falagard mapping for type 'Vanilla/StaticImage' using base type 'DefaultWindow', window renderer 'Falagard/StaticImage' Look'N'Feel 'Vanilla/StaticImage' and RenderEffect ''. (0021D0B0)
29/04/2011 21:46:45 (Std) 	Creating falagard mapping for type 'Vanilla/StaticText' using base type 'DefaultWindow', window renderer 'Falagard/StaticText' Look'N'Feel 'Vanilla/StaticText' and RenderEffect ''. (0021D0B0)
29/04/2011 21:46:45 (Std) 	Creating falagard mapping for type 'Vanilla/Listbox' using base type 'CEGUI/Listbox', window renderer 'Falagard/Listbox' Look'N'Feel 'Vanilla/Listbox' and RenderEffect ''. (0021D0B0)
29/04/2011 21:46:45 (Std) 	Creating falagard mapping for type 'Vanilla/MultiLineEditbox' using base type 'CEGUI/MultiLineEditbox', window renderer 'Falagard/MultiLineEditbox' Look'N'Feel 'Vanilla/MultiLineEditbox' and RenderEffect ''. (0021D0B0)
29/04/2011 21:46:45 (Std) 	Creating falagard mapping for type 'Vanilla/ComboDropList' using base type 'CEGUI/ComboDropList', window renderer 'Falagard/Listbox' Look'N'Feel 'Vanilla/ComboDropList' and RenderEffect ''. (0021D0B0)
29/04/2011 21:46:45 (Std) 	Creating falagard mapping for type 'Vanilla/Combobox' using base type 'CEGUI/Combobox', window renderer 'Falagard/Default' Look'N'Feel 'Vanilla/Combobox' and RenderEffect ''. (0021D0B0)
29/04/2011 21:46:45 (Std) 	Creating falagard mapping for type 'Vanilla/ProgressBar' using base type 'CEGUI/ProgressBar', window renderer 'Falagard/ProgressBar' Look'N'Feel 'Vanilla/ProgressBar' and RenderEffect ''. (0021D0B0)
29/04/2011 21:46:45 (Std) 	Creating falagard mapping for type 'Vanilla/Checkbox' using base type 'CEGUI/Checkbox', window renderer 'Falagard/ToggleButton' Look'N'Feel 'Vanilla/Checkbox' and RenderEffect ''. (0021D0B0)
29/04/2011 21:46:45 (Std) 	Creating falagard mapping for type 'Vanilla/RadioButton' using base type 'CEGUI/RadioButton', window renderer 'Falagard/ToggleButton' Look'N'Feel 'Vanilla/RadioButton' and RenderEffect ''. (0021D0B0)
29/04/2011 21:46:45 (Std) 	Attempting to create Imageset 'DejaVuSans-10_auto_glyph_images_ ' with texture only.
29/04/2011 21:46:45 (Std) 	---- Successfully completed loading of GUI layout from 'TopBar.layout' ----
29/04/2011 21:46:45 (Std) 	---- Successfully completed loading of GUI layout from 'FileManager.layout' ----
29/04/2011 21:46:45 (Error)	CEGUI::UnknownObjectException in file ..\..\..\cegui\src\CEGUIPropertySet.cpp(124) : There is no Property named 'BackgroundEnabled' available in the set.
29/04/2011 21:46:45 (Error)	CEGUI::UnknownObjectException in file ..\..\..\cegui\src\CEGUIPropertySet.cpp(124) : There is no Property named 'FrameEnabled' available in the set.
29/04/2011 21:46:45 (Error)	CEGUI::UnknownObjectException in file ..\..\..\cegui\src\CEGUIPropertySet.cpp(124) : There is no Property named 'BackgroundEnabled' available in the set.
29/04/2011 21:46:45 (Error)	CEGUI::UnknownObjectException in file ..\..\..\cegui\src\CEGUIPropertySet.cpp(124) : There is no Property named 'FrameEnabled' available in the set.
29/04/2011 21:46:45 (Error)	CEGUI::UnknownObjectException in file ..\..\..\cegui\src\CEGUIPropertySet.cpp(124) : There is no Property named 'BackgroundEnabled' available in the set.
29/04/2011 21:46:45 (Error)	CEGUI::UnknownObjectException in file ..\..\..\cegui\src\CEGUIPropertySet.cpp(124) : There is no Property named 'FrameEnabled' available in the set.
29/04/2011 21:46:45 (Std) 	---- Successfully completed loading of GUI layout from 'ObjectProperties.layout' ----
29/04/2011 21:46:45 (Std) 	---- Successfully completed loading of GUI layout from 'LightProperties.layout' ----
29/04/2011 21:46:45 (Std) 	Display resize: w=800 h=600
29/04/2011 21:46:46 (Std) 	Display resize: w=800 h=600
